Determining if the pthread_create exist failed with the following output:
Change Dir: /home/dcamachog1501/Induced_Desktop/Unit_Testing/cmake-build-debug/CMakeFiles/CMakeTmp

Run Build Command(s):/usr/bin/make cmTC_cf3fb/fast 
/usr/bin/make -f CMakeFiles/cmTC_cf3fb.dir/build.make CMakeFiles/cmTC_cf3fb.dir/build
make[1]: Entering directory '/home/dcamachog1501/Induced_Desktop/Unit_Testing/cmake-build-debug/CMakeFiles/CMakeTmp'
Building C object CMakeFiles/cmTC_cf3fb.dir/CheckSymbolExists.c.o
/usr/bin/cc    -o CMakeFiles/cmTC_cf3fb.dir/CheckSymbolExists.c.o   -c /home/dcamachog1501/Induced_Desktop/Unit_Testing/cmake-build-debug/CMakeFiles/CMakeTmp/CheckSymbolExists.c
Linking C executable cmTC_cf3fb
/snap/clion/70/bin/cmake/linux/bin/cmake -E cmake_link_script CMakeFiles/cmTC_cf3fb.dir/link.txt --verbose=1
/usr/bin/cc      -rdynamic CMakeFiles/cmTC_cf3fb.dir/CheckSymbolExists.c.o  -o cmTC_cf3fb 
CMakeFiles/cmTC_cf3fb.dir/CheckSymbolExists.c.o: In function `main':
CheckSymbolExists.c:(.text+0x1b): undefined reference to `pthread_create'
collect2: error: ld returned 1 exit status
CMakeFiles/cmTC_cf3fb.dir/build.make:86: recipe for target 'cmTC_cf3fb' failed
make[1]: *** [cmTC_cf3fb] Error 1
make[1]: Leaving directory '/home/dcamachog1501/Induced_Desktop/Unit_Testing/cmake-build-debug/CMakeFiles/CMakeTmp'
Makefile:121: recipe for target 'cmTC_cf3fb/fast' failed
make: *** [cmTC_cf3fb/fast] Error 2

File /home/dcamachog1501/Induced_Desktop/Unit_Testing/cmake-build-debug/CMakeFiles/CMakeTmp/CheckSymbolExists.c:
/* */
#include <pthread.h>

int main(int argc, char** argv)
{
  (void)argv;
#ifndef pthread_create
  return ((int*)(&pthread_create))[argc];
#else
  (void)argc;
  return 0;
#endif
}

Determining if the function pthread_create exists in the pthreads failed with the following output:
Change Dir: /home/dcamachog1501/Induced_Desktop/Unit_Testing/cmake-build-debug/CMakeFiles/CMakeTmp

Run Build Command(s):/usr/bin/make cmTC_386d9/fast 
/usr/bin/make -f CMakeFiles/cmTC_386d9.dir/build.make CMakeFiles/cmTC_386d9.dir/build
make[1]: Entering directory '/home/dcamachog1501/Induced_Desktop/Unit_Testing/cmake-build-debug/CMakeFiles/CMakeTmp'
Building C object CMakeFiles/cmTC_386d9.dir/CheckFunctionExists.c.o
/usr/bin/cc   -DCHECK_FUNCTION_EXISTS=pthread_create   -o CMakeFiles/cmTC_386d9.dir/CheckFunctionExists.c.o   -c /snap/clion/70/bin/cmake/linux/share/cmake-3.14/Modules/CheckFunctionExists.c
Linking C executable cmTC_386d9
/snap/clion/70/bin/cmake/linux/bin/cmake -E cmake_link_script CMakeFiles/cmTC_386d9.dir/link.txt --verbose=1
/usr/bin/cc  -DCHECK_FUNCTION_EXISTS=pthread_create    -rdynamic CMakeFiles/cmTC_386d9.dir/CheckFunctionExists.c.o  -o cmTC_386d9 -lpthreads 
/usr/bin/ld: cannot find -lpthreads
collect2: error: ld returned 1 exit status
CMakeFiles/cmTC_386d9.dir/build.make:86: recipe for target 'cmTC_386d9' failed
make[1]: *** [cmTC_386d9] Error 1
make[1]: Leaving directory '/home/dcamachog1501/Induced_Desktop/Unit_Testing/cmake-build-debug/CMakeFiles/CMakeTmp'
Makefile:121: recipe for target 'cmTC_386d9/fast' failed
make: *** [cmTC_386d9/fast] Error 2


